#
# A fatal error has been detected by the Java Runtime Environment:
#
#  EXCEPTION_ACCESS_VIOLATION (0xc0000005) at pc=0x00007ff8d6594877, pid=16208, tid=21176
#
# JRE version: Java(TM) SE Runtime Environment (22.0.1+8) (build 22.0.1+8-16)
# Java VM: Java HotSpot(TM) 64-Bit Server VM (22.0.1+8-16, mixed mode, sharing, tiered, compressed oops, compressed class ptrs, g1 gc, windows-amd64)
# Problematic frame:
# C  [ntdll.dll+0x44877]
#
# No core dump will be written. Minidumps are not enabled by default on client versions of Windows
#
# If you would like to submit a bug report, please visit:
#   https://bugreport.java.com/bugreport/crash.jsp
#

---------------  S U M M A R Y ------------

Command Line: -ea -Didea.test.cyclic.buffer.size=1048576 -javaagent:E:\IntelliJ\IntelliJ IDEA 2024.3.2.1\lib\idea_rt.jar=55326:E:\IntelliJ\IntelliJ IDEA 2024.3.2.1\bin -javaagent:C:\Users\dobly\AppData\Local\JetBrains\IntelliJIdea2024.3\captureAgent\debugger-agent.jar -Dkotlinx.coroutines.debug.enable.creation.stack.trace=false -Ddebugger.agent.enable.coroutines=true -Dkotlinx.coroutines.debug.enable.flows.stack.trace=true -Dkotlinx.coroutines.debug.enable.mutable.state.flows.stack.trace=true -Dfile.encoding=UTF-8 -Dsun.stdout.encoding=UTF-8 -Dsun.stderr.encoding=UTF-8 com.intellij.rt.junit.JUnitStarter -ideVersion5 -junit5 passoff.chess.piece.BishopMoveTests

Host: AMD Ryzen 7 7735HS with Radeon Graphics        , 16 cores, 15G,  Windows 11 , 64 bit Build 22621 (10.0.22621.4391)
Time: Mon Jan 27 02:02:13 2025 Mountain Standard Time elapsed time: 1.043676 seconds (0d 0h 0m 1s)

---------------  T H R E A D  ---------------

Current thread (0x0000000022636980):  VMThread "VM Thread"          [id=21176, stack(0x0000000022970000,0x0000000022a70000) (1024K)]

Stack: [0x0000000022970000,0x0000000022a70000],  sp=0x0000000022a6efc0,  free space=1019k
Native frames: (J=compiled Java code, j=interpreted, Vv=VM code, C=native code)
C  [ntdll.dll+0x44877]  (no source info available)
C  [ntdll.dll+0x45029]  (no source info available)
C  [ntdll.dll+0x39c18]  (no source info available)
C  [ntdll.dll+0x3c334]  (no source info available)
C  [ntdll.dll+0x3b001]  (no source info available)
C  [ucrtbase.dll+0x1364b]  (no source info available)
C  [ucrtbase.dll+0x2039c]  (no source info available)
C  [pdh.dll+0xda69]  (no source info available)


siginfo: EXCEPTION_ACCESS_VIOLATION (0xc0000005), reading address 0x0000000000002000


Registers:
RAX=0x0000000000002000, RBX=0x000000006b92c090, RCX=0x0000000000100000, RDX=0x000000000000009d
RSP=0x0000000022a6efc0, RBP=0x000000006b810000, RSI=0x0000000000450000, RDI=0x0000000000000012
R8 =0x000000006b810080, R9 =0x0000000000000000, R10=0x0000000000000003, R11=0x0000000022a6ef50
R12=0x0000000000008001, R13=0x0000000000008001, R14=0x000000006b92c0a0, R15=0x0000000000008001
RIP=0x00007ff8d6594877, EFLAGS=0x0000000000010287


Register to memory mapping:

RAX=0x0000000000002000 is an unknown value
RBX=0x000000006b92c090 points into unknown readable memory: 0x0000000000000000 | 00 00 00 00 00 00 00 00
RCX=0x0000000000100000 is an unknown value
RDX=0x000000000000009d is an unknown value
RSP=0x0000000022a6efc0 points into unknown readable memory: 0x000000006b92c090 | 90 c0 92 6b 00 00 00 00
RBP=0x000000006b810000 points into unknown readable memory: 0x0000000000000000 | 00 00 00 00 00 00 00 00
RSI=0x0000000000450000 points into unknown readable memory: 0x0000000000000000 | 00 00 00 00 00 00 00 00
RDI=0x0000000000000012 is an unknown value
R8 =0x000000006b810080 points into unknown readable memory: 0x0000002000000c70 | 70 0c 00 00 20 00 00 00
R9 =0x0 is null
R10=0x0000000000000003 is an unknown value
R11=0x0000000022a6ef50 points into unknown readable memory: 0x0000000000008001 | 01 80 00 00 00 00 00 00
R12=0x0000000000008001 is an unknown value
R13=0x0000000000008001 is an unknown value
R14=0x000000006b92c0a0 points into unknown readable memory: 0x0046005200450050 | 50 00 45 00 52 00 46 00
R15=0x0000000000008001 is an unknown value

Top of Stack: (sp=0x0000000022a6efc0)
0x0000000022a6efc0:   000000006b92c090 0000000000450000
0x0000000022a6efd0:   000000002262e788 00007ff8cf419b20
0x0000000022a6efe0:   00007ff864033b20 0000000000000000
0x0000000022a6eff0:   0000000000200000 000000009d009c01
0x0000000022a6f000:   0000000000000000 0000000000000001
0x0000000022a6f010:   0000000000450000 000000007ffe0300
0x0000000022a6f020:   0000000000008001 00007ff8d6595029
0x0000000022a6f030:   0000000000450000 0000000022a6f090
0x0000000022a6f040:   000000000235be01 000000006b92c090
0x0000000022a6f050:   00007ff8d66d60c0 000000009a0073e9
0x0000000022a6f060:   0000000000000000 0000000000000000
0x0000000022a6f070:   0000000000000000 0000000000000000
0x0000000022a6f080:   0000000000000000 0000000000450150
0x0000000022a6f090:   0000000000000000 0000000000000001
0x0000000022a6f0a0:   0000000000450000 000000007ffe0380
0x0000000022a6f0b0:   0000000000000000 000000006b92c090
0x0000000022a6f0c0:   000000006b92c090 00007ff8d6589c18
0x0000000022a6f0d0:   0000000000009c01 0000000000450000
0x0000000022a6f0e0:   0000000000008001 00007ff8d6594800
0x0000000022a6f0f0:   000000006b810070 000000006b810000
0x0000000022a6f100:   0000000000450000 30313a656d697420
0x0000000022a6f110:   0000000000000301 0000000000009c01
0x0000000022a6f120:   0000000000000000 0000000000008001
0x0000000022a6f130:   0000000100000000 0000000000000001
0x0000000022a6f140:   0000000000450000 000000007ffe0300
0x0000000022a6f150:   0000000000000000 00007ff8d6595029
0x0000000022a6f160:   0000000000450000 0000000022a6f1c0
0x0000000022a6f170:   0000000000000001 000000006b92c090
0x0000000022a6f180:   0000000022a6f2d0 00007ff8d658c360
0x0000000022a6f190:   0000000022a6f1d0 0000000000000000
0x0000000022a6f1a0:   0000000000000000 0000000000000000
0x0000000022a6f1b0:   0000000000000000 0000000000000000 

Instructions: (pc=0x00007ff8d6594877)
0x00007ff8d6594777:   00 00 48 89 5c 24 08 48 89 6c 24 10 48 89 74 24
0x00007ff8d6594787:   20 57 41 54 41 55 41 56 41 57 48 83 ec 40 0f b7
0x00007ff8d6594797:   7a 0c 45 33 c9 66 33 b9 8c 00 00 00 4d 8b f8 48
0x00007ff8d65947a7:   8b da 48 8b f1 0f 84 65 02 00 00 0f b6 43 0e 84
0x00007ff8d65947b7:   c0 0f 84 08 02 00 00 48 c1 e0 10 48 8b eb 48 81
0x00007ff8d65947c7:   e5 00 00 ff ff 48 2b e8 48 81 c5 00 00 01 00 8a
0x00007ff8d65947d7:   43 0a 4c 8d b6 50 01 00 00 88 84 24 80 00 00 00
0x00007ff8d65947e7:   ba 00 ff 00 00 4c 3b fa 0f 87 3c 02 00 00 45 0f
0x00007ff8d65947f7:   b7 e7 4c 3b fa 0f b6 c0 41 8b c9 0f 46 c8 88 4b
0x00007ff8d6594807:   0a 66 33 be 8c 00 00 00 66 89 7b 0c 48 8b 55 28
0x00007ff8d6594817:   48 3b d5 0f 85 67 01 00 00 41 8a f9 80 e1 f0 40
0x00007ff8d6594827:   88 7b 0e 88 4b 0a 66 44 89 63 08 44 88 4b 0b 44
0x00007ff8d6594837:   88 4b 0f f6 46 70 40 45 0f b7 ec 0f 85 40 af 07
0x00007ff8d6594847:   00 4c 39 8e 38 01 00 00 0f 84 d4 01 00 00 49 8b
0x00007ff8d6594857:   d5 48 8b ce e8 90 fe ff ff 4c 8b c0 45 33 c9 4d
0x00007ff8d6594867:   3b f0 0f 85 5f 01 00 00 49 8b 40 08 4c 8d 73 10
0x00007ff8d6594877:   48 8b 08 49 3b c8 0f 85 e5 00 00 00 4d 89 06 49
0x00007ff8d6594887:   89 46 08 4c 89 30 4d 89 70 08 0f b7 43 08 48 01
0x00007ff8d6594897:   86 c0 00 00 00 48 8b 96 38 01 00 00 48 85 d2 74
0x00007ff8d65948a7:   3d 0f b7 7b 08 8b 42 08 48 3b f8 72 14 48 8b 02
0x00007ff8d65948b7:   48 85 c0 0f 84 4d 01 00 00 48 8b d0 8b 40 08 eb
0x00007ff8d65948c7:   e7 48 8b cf 48 89 7c 24 28 4d 8b ce 89 4c 24 20
0x00007ff8d65948d7:   41 b0 01 48 8b ce e8 12 04 00 00 45 33 c9 44 39
0x00007ff8d65948e7:   4e 7c 74 15 8a 43 0a 32 43 09 32 43 08 88 43 0b
0x00007ff8d65948f7:   8b 86 88 00 00 00 31 43 08 4d 2b fd 41 0f b7 fc
0x00007ff8d6594907:   49 c1 e5 04 49 03 dd 48 3b 5d 48 73 35 8a 84 24
0x00007ff8d6594917:   80 00 00 00 4c 8d b6 50 01 00 00 ba 00 ff 00 00
0x00007ff8d6594927:   4d 85 ff 0f 85 bc fe ff ff 41 0f b7 c4 66 33 86
0x00007ff8d6594937:   8c 00 00 00 66 89 43 0c 66 45 85 e4 0f 84 a9 ae
0x00007ff8d6594947:   07 00 4c 8d 5c 24 40 49 8b 5b 30 49 8b 6b 38 49
0x00007ff8d6594957:   8b 73 48 49 8b e3 41 5f 41 5e 41 5d 41 5c 5f c3
0x00007ff8d6594967:   cc 4c 89 4c 24 28 33 d2 48 89 4c 24 20 45 33 c9 


Stack slot to memory mapping:

stack at sp + 0 slots: 0x000000006b92c090 points into unknown readable memory: 0x0000000000000000 | 00 00 00 00 00 00 00 00
stack at sp + 1 slots: 0x0000000000450000 points into unknown readable memory: 0x0000000000000000 | 00 00 00 00 00 00 00 00
stack at sp + 2 slots: 0x000000002262e788 points into unknown readable memory: 0x101cf336e5b0d97a | 7a d9 b0 e5 36 f3 1c 10
stack at sp + 3 slots: 0x00007ff8cf419b20 apphelp.dll
stack at sp + 4 slots: 0x00007ff864033b20 jvm.dll
stack at sp + 5 slots: 0x0 is null
stack at sp + 6 slots: 0x0000000000200000 is an unknown value
stack at sp + 7 slots: 0x000000009d009c01 is an unknown value

VM_Operation (0x00000000022cf620): Exit, mode: safepoint, requested by thread 0x0000000002b1f3c0


---------------  P R O C E S S  ---------------

Threads class SMR info:
_java_thread_list=0x0000000069b96490, length=23, elements={
0x0000000002b1f3c0, 0x00000000226547e0, 0x00000000226573b0, 0x0000000022659990,
0x000000002265c760, 0x000000002265d3d0, 0x000000002265e370, 0x00000000226648b0,
0x000000002266e380, 0x0000000068306120, 0x000000006830d6e0, 0x000000006830e400,
0x0000000068421600, 0x00000000685b76e0, 0x00000000685dcfc0, 0x00000000692649e0,
0x0000000069363ba0, 0x0000000069bc3060, 0x0000000069f18f80, 0x000000006a3d1bf0,
0x000000006a3d4350, 0x000000006a3d49e0, 0x000000006a3d3630
}

Java Threads: ( => current thread )
  0x0000000002b1f3c0 JavaThread "main"                              [_thread_blocked, id=36244, stack(0x00000000021d0000,0x00000000022d0000) (1024K)]
  0x00000000226547e0 JavaThread "Reference Handler"          daemon [_thread_blocked, id=19808, stack(0x0000000022a70000,0x0000000022b70000) (1024K)]
  0x00000000226573b0 JavaThread "Finalizer"                  daemon [_thread_blocked, id=39752, stack(0x0000000022b70000,0x0000000022c70000) (1024K)]
  0x0000000022659990 JavaThread "Signal Dispatcher"          daemon [_thread_blocked, id=26604, stack(0x0000000022c70000,0x0000000022d70000) (1024K)]
  0x000000002265c760 JavaThread "Attach Listener"            daemon [_thread_blocked, id=32984, stack(0x0000000022d70000,0x0000000022e70000) (1024K)]
  0x000000002265d3d0 JavaThread "Service Thread"             daemon [_thread_blocked, id=9604, stack(0x0000000022e70000,0x0000000022f70000) (1024K)]
  0x000000002265e370 JavaThread "Monitor Deflation Thread"   daemon [_thread_blocked, id=26992, stack(0x0000000068000000,0x0000000068100000) (1024K)]
  0x00000000226648b0 JavaThread "C2 CompilerThread0"         daemon [_thread_blocked, id=12652, stack(0x0000000068100000,0x0000000068200000) (1024K)]
  0x000000002266e380 JavaThread "C1 CompilerThread0"         daemon [_thread_blocked, id=31780, stack(0x0000000068600000,0x0000000068700000) (1024K)]
  0x0000000068306120 JavaThread "Common-Cleaner"             daemon [_thread_blocked, id=5052, stack(0x0000000068700000,0x0000000068800000) (1024K)]
  0x000000006830d6e0 JavaThread "C1 CompilerThread1"         daemon [_thread_blocked, id=32280, stack(0x0000000068800000,0x0000000068900000) (1024K)]
  0x000000006830e400 JavaThread "C1 CompilerThread2"         daemon [_thread_blocked, id=33180, stack(0x0000000068900000,0x0000000068a00000) (1024K)]
  0x0000000068421600 JavaThread "Monitor Ctrl-Break"         daemon [_thread_in_native, id=26704, stack(0x0000000068a00000,0x0000000068b00000) (1024K)]
  0x00000000685b76e0 JavaThread "Notification Thread"        daemon [_thread_blocked, id=29484, stack(0x0000000068b00000,0x0000000068c00000) (1024K)]
  0x00000000685dcfc0 JavaThread "C1 CompilerThread3"         daemon [_thread_blocked, id=3144, stack(0x0000000069400000,0x0000000069500000) (1024K)]
  0x00000000692649e0 JavaThread "C2 CompilerThread1"         daemon [_thread_blocked, id=34020, stack(0x0000000069840000,0x0000000069940000) (1024K)]
  0x0000000069363ba0 JavaThread "C2 CompilerThread2"         daemon [_thread_blocked, id=3700, stack(0x000000006a910000,0x000000006aa10000) (1024K)]
  0x0000000069bc3060 JavaThread "C2 CompilerThread3"         daemon [_thread_blocked, id=23156, stack(0x000000006aa10000,0x000000006ab10000) (1024K)]
  0x0000000069f18f80 JavaThread "C2 CompilerThread4"         daemon [_thread_blocked, id=21492, stack(0x000000006ab10000,0x000000006ac10000) (1024K)]
  0x000000006a3d1bf0 JavaThread "RMI TCP Accept-0"           daemon [_thread_in_native, id=20904, stack(0x000000006b410000,0x000000006b510000) (1024K)]
  0x000000006a3d4350 JavaThread "RMI TCP Connection(1)-192.168.86.249" daemon [_thread_in_native, id=5888, stack(0x000000006b510000,0x000000006b610000) (1024K)]
  0x000000006a3d49e0 JavaThread "RMI Scheduler(0)"           daemon [_thread_blocked, id=21748, stack(0x000000006b610000,0x000000006b710000) (1024K)]
  0x000000006a3d3630 JavaThread "JMX server connection timeout 42" daemon [_thread_blocked, id=33624, stack(0x000000006b710000,0x000000006b810000) (1024K)]
Total: 23

Other Threads:
=>0x0000000022636980 VMThread "VM Thread"                           [id=21176, stack(0x0000000022970000,0x0000000022a70000) (1024K)]
  0x0000000002b84740 WorkerThread "GC Thread#0"                     [id=28208, stack(0x000000001f3a0000,0x000000001f4a0000) (1024K)]
  0x0000000022637490 WorkerThread "GC Thread#1"                     [id=26832, stack(0x000000006ac10000,0x000000006ad10000) (1024K)]
  0x0000000022637fa0 WorkerThread "GC Thread#2"                     [id=8336, stack(0x000000006ad10000,0x000000006ae10000) (1024K)]
  0x00000000226365d0 WorkerThread "GC Thread#3"                     [id=25360, stack(0x000000006ae10000,0x000000006af10000) (1024K)]
  0x000000006a25bbb0 WorkerThread "GC Thread#4"                     [id=38076, stack(0x000000006af10000,0x000000006b010000) (1024K)]
  0x000000006a25a1e0 WorkerThread "GC Thread#5"                     [id=19140, stack(0x000000006b010000,0x000000006b110000) (1024K)]
  0x000000006a25b800 WorkerThread "GC Thread#6"                     [id=13248, stack(0x000000006b110000,0x000000006b210000) (1024K)]
  0x000000006a259e30 WorkerThread "GC Thread#7"                     [id=2796, stack(0x000000006b210000,0x000000006b310000) (1024K)]
  0x000000006a25a940 WorkerThread "GC Thread#8"                     [id=24884, stack(0x000000006b310000,0x000000006b410000) (1024K)]
  0x0000000002b94bf0 ConcurrentGCThread "G1 Main Marker"            terminated
  0x0000000002b98ec0 WorkerThread "G1 Conc#0"                       [id=14484, stack(0x000000001f5a0000,0x000000001f6a0000) (1024K)]
  0x00000000224ea4d0 ConcurrentGCThread "G1 Refine#0"               terminated
  0x00000000224eaf60 ConcurrentGCThread "G1 Service"                terminated
Total: 14

Threads with active compile tasks:
C2 CompilerThread1  1149 1993       4       java.lang.invoke.MethodType::makeImpl (109 bytes)
Total: 1

VM state: at safepoint (shutting down)

VM Mutex/Monitor currently owned by a thread:  ([mutex/lock_event])
[0x00007ff86400bbb8] Threads_lock - owner thread: 0x0000000022636980
[0x00007ff86400bcb8] Heap_lock - owner thread: 0x0000000002b1f3c0

Heap address: 0x000000070ce00000, size: 3890 MB, Compressed Oops mode: Zero based, Oop shift amount: 3

CDS archive(s) mapped at: [0x0000000023000000-0x0000000023c60000-0x0000000023c60000), size 12976128, SharedBaseAddress: 0x0000000023000000, ArchiveRelocationMode: 1.
Compressed class space mapped at: 0x0000000024000000-0x0000000064000000, reserved size: 1073741824
Narrow klass base: 0x0000000000000000, Narrow klass shift: 0, Narrow klass range: 0x64000000

GC Precious Log:
 CardTable entry size: 512
 Card Set container configuration: InlinePtr #cards 4 size 8 Array Of Cards #cards 16 size 48 Howl #buckets 8 coarsen threshold 3686 Howl Bitmap #cards 512 size 80 coarsen threshold 460 Card regions per heap region 1 cards per card region 4096
 CPUs: 16 total, 16 available
 Memory: 15557M
 Large Page Support: Disabled
 NUMA Support: Disabled
 Compressed Oops: Enabled (Zero based)
 Heap Region Size: 2M
 Heap Min Capacity: 8M
 Heap Initial Capacity: 244M
 Heap Max Capacity: 3890M
 Pre-touch: Disabled
 Parallel Workers: 13
 Concurrent Workers: 3
 Concurrent Refinement Workers: 13
 Periodic GC: Disabled

Heap:
 garbage-first heap   total reserved 3983360K, committed 249856K, used 13535K [0x000000070ce00000, 0x0000000800000000)
  region size 2048K, 8 young (16384K), 2 survivors (4096K)
 Metaspace       used 12373K, committed 12672K, reserved 1114112K
  class space    used 1440K, committed 1600K, reserved 1048576K

Heap Regions: E=young(eden), S=young(survivor), O=old, HS=humongous(starts), HC=humongous(continues), CS=collection set, F=free, TAMS=top-at-mark-start, PB=parsable bottom
|   0|0x000000070ce00000, 0x000000070ce00000, 0x000000070d000000|  0%| F|  |TAMS 0x000000070ce00000| PB 0x000000070ce00000| Untracked |  0
|   1|0x000000070d000000, 0x000000070d000000, 0x000000070d200000|  0%| F|  |TAMS 0x000000070d000000| PB 0x000000070d000000| Untracked |  0
|   2|0x000000070d200000, 0x000000070d200000, 0x000000070d400000|  0%| F|  |TAMS 0x000000070d200000| PB 0x000000070d200000| Untracked |  0
|   3|0x000000070d400000, 0x000000070d400000, 0x000000070d600000|  0%| F|  |TAMS 0x000000070d400000| PB 0x000000070d400000| Untracked |  0
|   4|0x000000070d600000, 0x000000070d600000, 0x000000070d800000|  0%| F|  |TAMS 0x000000070d600000| PB 0x000000070d600000| Untracked |  0
|   5|0x000000070d800000, 0x000000070d800000, 0x000000070da00000|  0%| F|  |TAMS 0x000000070d800000| PB 0x000000070d800000| Untracked |  0
|   6|0x000000070da00000, 0x000000070da00000, 0x000000070dc00000|  0%| F|  |TAMS 0x000000070da00000| PB 0x000000070da00000| Untracked |  0
|   7|0x000000070dc00000, 0x000000070dc00000, 0x000000070de00000|  0%| F|  |TAMS 0x000000070dc00000| PB 0x000000070dc00000| Untracked |  0
|   8|0x000000070de00000, 0x000000070de00000, 0x000000070e000000|  0%| F|  |TAMS 0x000000070de00000| PB 0x000000070de00000| Untracked |  0
|   9|0x000000070e000000, 0x000000070e000000, 0x000000070e200000|  0%| F|  |TAMS 0x000000070e000000| PB 0x000000070e000000| Untracked |  0
|  10|0x000000070e200000, 0x000000070e200000, 0x000000070e400000|  0%| F|  |TAMS 0x000000070e200000| PB 0x000000070e200000| Untracked |  0
|  11|0x000000070e400000, 0x000000070e400000, 0x000000070e600000|  0%| F|  |TAMS 0x000000070e400000| PB 0x000000070e400000| Untracked |  0
|  12|0x000000070e600000, 0x000000070e600000, 0x000000070e800000|  0%| F|  |TAMS 0x000000070e600000| PB 0x000000070e600000| Untracked |  0
|  13|0x000000070e800000, 0x000000070e800000, 0x000000070ea00000|  0%| F|  |TAMS 0x000000070e800000| PB 0x000000070e800000| Untracked |  0
|  14|0x000000070ea00000, 0x000000070ea00000, 0x000000070ec00000|  0%| F|  |TAMS 0x000000070ea00000| PB 0x000000070ea00000| Untracked |  0
|  15|0x000000070ec00000, 0x000000070ec00000, 0x000000070ee00000|  0%| F|  |TAMS 0x000000070ec00000| PB 0x000000070ec00000| Untracked |  0
|  16|0x000000070ee00000, 0x000000070ee00000, 0x000000070f000000|  0%| F|  |TAMS 0x000000070ee00000| PB 0x000000070ee00000| Untracked |  0
|  17|0x000000070f000000, 0x000000070f000000, 0x000000070f200000|  0%| F|  |TAMS 0x000000070f000000| PB 0x000000070f000000| Untracked |  0
|  18|0x000000070f200000, 0x000000070f200000, 0x000000070f400000|  0%| F|  |TAMS 0x000000070f200000| PB 0x000000070f200000| Untracked |  0
|  19|0x000000070f400000, 0x000000070f400000, 0x000000070f600000|  0%| F|  |TAMS 0x000000070f400000| PB 0x000000070f400000| Untracked |  0
|  20|0x000000070f600000, 0x000000070f600000, 0x000000070f800000|  0%| F|  |TAMS 0x000000070f600000| PB 0x000000070f600000| Untracked |  0
|  21|0x000000070f800000, 0x000000070f800000, 0x000000070fa00000|  0%| F|  |TAMS 0x000000070f800000| PB 0x000000070f800000| Untracked |  0
|  22|0x000000070fa00000, 0x000000070fa00000, 0x000000070fc00000|  0%| F|  |TAMS 0x000000070fa00000| PB 0x000000070fa00000| Untracked |  0
|  23|0x000000070fc00000, 0x000000070fc00000, 0x000000070fe00000|  0%| F|  |TAMS 0x000000070fc00000| PB 0x000000070fc00000| Untracked |  0
|  24|0x000000070fe00000, 0x000000070fe00000, 0x0000000710000000|  0%| F|  |TAMS 0x000000070fe00000| PB 0x000000070fe00000| Untracked |  0
|  25|0x0000000710000000, 0x0000000710000000, 0x0000000710200000|  0%| F|  |TAMS 0x0000000710000000| PB 0x0000000710000000| Untracked |  0
|  26|0x0000000710200000, 0x0000000710200000, 0x0000000710400000|  0%| F|  |TAMS 0x0000000710200000| PB 0x0000000710200000| Untracked |  0
|  27|0x0000000710400000, 0x0000000710400000, 0x0000000710600000|  0%| F|  |TAMS 0x0000000710400000| PB 0x0000000710400000| Untracked |  0
|  28|0x0000000710600000, 0x0000000710600000, 0x0000000710800000|  0%| F|  |TAMS 0x0000000710600000| PB 0x0000000710600000| Untracked |  0
|  29|0x0000000710800000, 0x0000000710800000, 0x0000000710a00000|  0%| F|  |TAMS 0x0000000710800000| PB 0x0000000710800000| Untracked |  0
|  30|0x0000000710a00000, 0x0000000710a00000, 0x0000000710c00000|  0%| F|  |TAMS 0x0000000710a00000| PB 0x0000000710a00000| Untracked |  0
|  31|0x0000000710c00000, 0x0000000710c00000, 0x0000000710e00000|  0%| F|  |TAMS 0x0000000710c00000| PB 0x0000000710c00000| Untracked |  0
|  32|0x0000000710e00000, 0x0000000710e00000, 0x0000000711000000|  0%| F|  |TAMS 0x0000000710e00000| PB 0x0000000710e00000| Untracked |  0
|  33|0x0000000711000000, 0x0000000711000000, 0x0000000711200000|  0%| F|  |TAMS 0x0000000711000000| PB 0x0000000711000000| Untracked |  0
|  34|0x0000000711200000, 0x0000000711200000, 0x0000000711400000|  0%| F|  |TAMS 0x0000000711200000| PB 0x0000000711200000| Untracked |  0
|  35|0x0000000711400000, 0x0000000711400000, 0x0000000711600000|  0%| F|  |TAMS 0x0000000711400000| PB 0x0000000711400000| Untracked |  0
|  36|0x0000000711600000, 0x0000000711600000, 0x0000000711800000|  0%| F|  |TAMS 0x0000000711600000| PB 0x0000000711600000| Untracked |  0
|  37|0x0000000711800000, 0x0000000711800000, 0x0000000711a00000|  0%| F|  |TAMS 0x0000000711800000| PB 0x0000000711800000| Untracked |  0
|  38|0x0000000711a00000, 0x0000000711a00000, 0x0000000711c00000|  0%| F|  |TAMS 0x0000000711a00000| PB 0x0000000711a00000| Untracked |  0
|  39|0x0000000711c00000, 0x0000000711c00000, 0x0000000711e00000|  0%| F|  |TAMS 0x0000000711c00000| PB 0x0000000711c00000| Untracked |  0
|  40|0x0000000711e00000, 0x0000000711e00000, 0x0000000712000000|  0%| F|  |TAMS 0x0000000711e00000| PB 0x0000000711e00000| Untracked |  0
|  41|0x0000000712000000, 0x0000000712000000, 0x0000000712200000|  0%| F|  |TAMS 0x0000000712000000| PB 0x0000000712000000| Untracked |  0
|  42|0x0000000712200000, 0x0000000712200000, 0x0000000712400000|  0%| F|  |TAMS 0x0000000712200000| PB 0x0000000712200000| Untracked |  0
|  43|0x0000000712400000, 0x0000000712400000, 0x0000000712600000|  0%| F|  |TAMS 0x0000000712400000| PB 0x0000000712400000| Untracked |  0
|  44|0x0000000712600000, 0x0000000712600000, 0x0000000712800000|  0%| F|  |TAMS 0x0000000712600000| PB 0x0000000712600000| Untracked |  0
|  45|0x0000000712800000, 0x0000000712800000, 0x0000000712a00000|  0%| F|  |TAMS 0x0000000712800000| PB 0x0000000712800000| Untracked |  0
|  46|0x0000000712a00000, 0x0000000712a00000, 0x0000000712c00000|  0%| F|  |TAMS 0x0000000712a00000| PB 0x0000000712a00000| Untracked |  0
|  47|0x0000000712c00000, 0x0000000712c00000, 0x0000000712e00000|  0%| F|  |TAMS 0x0000000712c00000| PB 0x0000000712c00000| Untracked |  0
|  48|0x0000000712e00000, 0x0000000712e00000, 0x0000000713000000|  0%| F|  |TAMS 0x0000000712e00000| PB 0x0000000712e00000| Untracked |  0
|  49|0x0000000713000000, 0x0000000713000000, 0x0000000713200000|  0%| F|  |TAMS 0x0000000713000000| PB 0x0000000713000000| Untracked |  0
|  50|0x0000000713200000, 0x0000000713200000, 0x0000000713400000|  0%| F|  |TAMS 0x0000000713200000| PB 0x0000000713200000| Untracked |  0
|  51|0x0000000713400000, 0x0000000713400000, 0x0000000713600000|  0%| F|  |TAMS 0x0000000713400000| PB 0x0000000713400000| Untracked |  0
|  52|0x0000000713600000, 0x0000000713600000, 0x0000000713800000|  0%| F|  |TAMS 0x0000000713600000| PB 0x0000000713600000| Untracked |  0
|  53|0x0000000713800000, 0x0000000713800000, 0x0000000713a00000|  0%| F|  |TAMS 0x0000000713800000| PB 0x0000000713800000| Untracked |  0
|  54|0x0000000713a00000, 0x0000000713a00000, 0x0000000713c00000|  0%| F|  |TAMS 0x0000000713a00000| PB 0x0000000713a00000| Untracked |  0
|  55|0x0000000713c00000, 0x0000000713c00000, 0x0000000713e00000|  0%| F|  |TAMS 0x0000000713c00000| PB 0x0000000713c00000| Untracked |  0
|  56|0x0000000713e00000, 0x0000000713e00000, 0x0000000714000000|  0%| F|  |TAMS 0x0000000713e00000| PB 0x0000000713e00000| Untracked |  0
|  57|0x0000000714000000, 0x0000000714000000, 0x0000000714200000|  0%| F|  |TAMS 0x0000000714000000| PB 0x0000000714000000| Untracked |  0
|  58|0x0000000714200000, 0x0000000714200000, 0x0000000714400000|  0%| F|  |TAMS 0x0000000714200000| PB 0x0000000714200000| Untracked |  0
|  59|0x0000000714400000, 0x0000000714400000, 0x0000000714600000|  0%| F|  |TAMS 0x0000000714400000| PB 0x0000000714400000| Untracked |  0
|  60|0x0000000714600000, 0x0000000714600000, 0x0000000714800000|  0%| F|  |TAMS 0x0000000714600000| PB 0x0000000714600000| Untracked |  0
|  61|0x0000000714800000, 0x0000000714800000, 0x0000000714a00000|  0%| F|  |TAMS 0x0000000714800000| PB 0x0000000714800000| Untracked |  0
|  62|0x0000000714a00000, 0x0000000714a00000, 0x0000000714c00000|  0%| F|  |TAMS 0x0000000714a00000| PB 0x0000000714a00000| Untracked |  0
|  63|0x0000000714c00000, 0x0000000714c00000, 0x0000000714e00000|  0%| F|  |TAMS 0x0000000714c00000| PB 0x0000000714c00000| Untracked |  0
|  64|0x0000000714e00000, 0x0000000714e00000, 0x0000000715000000|  0%| F|  |TAMS 0x0000000714e00000| PB 0x0000000714e00000| Untracked |  0
|  65|0x0000000715000000, 0x0000000715000000, 0x0000000715200000|  0%| F|  |TAMS 0x0000000715000000| PB 0x0000000715000000| Untracked |  0
|  66|0x0000000715200000, 0x0000000715200000, 0x0000000715400000|  0%| F|  |TAMS 0x0000000715200000| PB 0x0000000715200000| Untracked |  0
|  67|0x0000000715400000, 0x0000000715400000, 0x0000000715600000|  0%| F|  |TAMS 0x0000000715400000| PB 0x0000000715400000| Untracked |  0
|  68|0x0000000715600000, 0x0000000715600000, 0x0000000715800000|  0%| F|  |TAMS 0x0000000715600000| PB 0x0000000715600000| Untracked |  0
|  69|0x0000000715800000, 0x0000000715800000, 0x0000000715a00000|  0%| F|  |TAMS 0x0000000715800000| PB 0x0000000715800000| Untracked |  0
|  70|0x0000000715a00000, 0x0000000715a00000, 0x0000000715c00000|  0%| F|  |TAMS 0x0000000715a00000| PB 0x0000000715a00000| Untracked |  0
|  71|0x0000000715c00000, 0x0000000715c00000, 0x0000000715e00000|  0%| F|  |TAMS 0x0000000715c00000| PB 0x0000000715c00000| Untracked |  0
|  72|0x0000000715e00000, 0x0000000715e00000, 0x0000000716000000|  0%| F|  |TAMS 0x0000000715e00000| PB 0x0000000715e00000| Untracked |  0
|  73|0x0000000716000000, 0x0000000716000000, 0x0000000716200000|  0%| F|  |TAMS 0x0000000716000000| PB 0x0000000716000000| Untracked |  0
|  74|0x0000000716200000, 0x0000000716200000, 0x0000000716400000|  0%| F|  |TAMS 0x0000000716200000| PB 0x0000000716200000| Untracked |  0
|  75|0x0000000716400000, 0x0000000716400000, 0x0000000716600000|  0%| F|  |TAMS 0x0000000716400000| PB 0x0000000716400000| Untracked |  0
|  76|0x0000000716600000, 0x0000000716600000, 0x0000000716800000|  0%| F|  |TAMS 0x0000000716600000| PB 0x0000000716600000| Untracked |  0
|  77|0x0000000716800000, 0x0000000716800000, 0x0000000716a00000|  0%| F|  |TAMS 0x0000000716800000| PB 0x0000000716800000| Untracked |  0
|  78|0x0000000716a00000, 0x0000000716a00000, 0x0000000716c00000|  0%| F|  |TAMS 0x0000000716a00000| PB 0x0000000716a00000| Untracked |  0
|  79|0x0000000716c00000, 0x0000000716c00000, 0x0000000716e00000|  0%| F|  |TAMS 0x0000000716c00000| PB 0x0000000716c00000| Untracked |  0
|  80|0x0000000716e00000, 0x0000000716e00000, 0x0000000717000000|  0%| F|  |TAMS 0x0000000716e00000| PB 0x0000000716e00000| Untracked |  0
|  81|0x0000000717000000, 0x0000000717000000, 0x0000000717200000|  0%| F|  |TAMS 0x0000000717000000| PB 0x0000000717000000| Untracked |  0
|  82|0x0000000717200000, 0x0000000717200000, 0x0000000717400000|  0%| F|  |TAMS 0x0000000717200000| PB 0x0000000717200000| Untracked |  0
|  83|0x0000000717400000, 0x0000000717400000, 0x0000000717600000|  0%| F|  |TAMS 0x0000000717400000| PB 0x0000000717400000| Untracked |  0
|  84|0x0000000717600000, 0x0000000717600000, 0x0000000717800000|  0%| F|  |TAMS 0x0000000717600000| PB 0x0000000717600000| Untracked |  0
|  85|0x0000000717800000, 0x0000000717800000, 0x0000000717a00000|  0%| F|  |TAMS 0x0000000717800000| PB 0x0000000717800000| Untracked |  0
|  86|0x0000000717a00000, 0x0000000717a00000, 0x0000000717c00000|  0%| F|  |TAMS 0x0000000717a00000| PB 0x0000000717a00000| Untracked |  0
|  87|0x0000000717c00000, 0x0000000717c00000, 0x0000000717e00000|  0%| F|  |TAMS 0x0000000717c00000| PB 0x0000000717c00000| Untracked |  0
|  88|0x0000000717e00000, 0x0000000717e00000, 0x0000000718000000|  0%| F|  |TAMS 0x0000000717e00000| PB 0x0000000717e00000| Untracked |  0
|  89|0x0000000718000000, 0x0000000718000000, 0x0000000718200000|  0%| F|  |TAMS 0x0000000718000000| PB 0x0000000718000000| Untracked |  0
|  90|0x0000000718200000, 0x0000000718200000, 0x0000000718400000|  0%| F|  |TAMS 0x0000000718200000| PB 0x0000000718200000| Untracked |  0
|  91|0x0000000718400000, 0x0000000718400000, 0x0000000718600000|  0%| F|  |TAMS 0x0000000718400000| PB 0x0000000718400000| Untracked |  0
|  92|0x0000000718600000, 0x0000000718600000, 0x0000000718800000|  0%| F|  |TAMS 0x0000000718600000| PB 0x0000000718600000| Untracked |  0
|  93|0x0000000718800000, 0x0000000718800000, 0x0000000718a00000|  0%| F|  |TAMS 0x0000000718800000| PB 0x0000000718800000| Untracked |  0
|  94|0x0000000718a00000, 0x0000000718a00000, 0x0000000718c00000|  0%| F|  |TAMS 0x0000000718a00000| PB 0x0000000718a00000| Untracked |  0
|  95|0x0000000718c00000, 0x0000000718c00000, 0x0000000718e00000|  0%| F|  |TAMS 0x0000000718c00000| PB 0x0000000718c00000| Untracked |  0
|  96|0x0000000718e00000, 0x0000000718e00000, 0x0000000719000000|  0%| F|  |TAMS 0x0000000718e00000| PB 0x0000000718e00000| Untracked |  0
|  97|0x0000000719000000, 0x0000000719000000, 0x0000000719200000|  0%| F|  |TAMS 0x0000000719000000| PB 0x0000000719000000| Untracked |  0
|  98|0x0000000719200000, 0x0000000719200000, 0x0000000719400000|  0%| F|  |TAMS 0x0000000719200000| PB 0x0000000719200000| Untracked |  0
|  99|0x0000000719400000, 0x0000000719400000, 0x0000000719600000|  0%| F|  |TAMS 0x0000000719400000| PB 0x0000000719400000| Untracked |  0
| 100|0x0000000719600000, 0x0000000719600000, 0x0000000719800000|  0%| F|  |TAMS 0x0000000719600000| PB 0x0000000719600000| Untracked |  0
| 101|0x0000000719800000, 0x0000000719800000, 0x0000000719a00000|  0%| F|  |TAMS 0x0000000719800000| PB 0x0000000719800000| Untracked |  0
| 102|0x0000000719a00000, 0x0000000719a00000, 0x0000000719c00000|  0%| F|  |TAMS 0x0000000719a00000| PB 0x0000000719a00000| Untracked |  0
| 103|0x0000000719c00000, 0x0000000719c00000, 0x0000000719e00000|  0%| F|  |TAMS 0x0000000719c00000| PB 0x0000000719c00000| Untracked |  0
| 104|0x0000000719e00000, 0x0000000719e00000, 0x000000071a000000|  0%| F|  |TAMS 0x0000000719e00000| PB 0x0000000719e00000| Untracked |  0
| 105|0x000000071a000000, 0x000000071a000000, 0x000000071a200000|  0%| F|  |TAMS 0x000000071a000000| PB 0x000000071a000000| Untracked |  0
| 106|0x000000071a200000, 0x000000071a200000, 0x000000071a400000|  0%| F|  |TAMS 0x000000071a200000| PB 0x000000071a200000| Untracked |  0
| 107|0x000000071a400000, 0x000000071a400000, 0x000000071a600000|  0%| F|  |TAMS 0x000000071a400000| PB 0x000000071a400000| Untracked |  0
| 108|0x000000071a600000, 0x000000071a737fb8, 0x000000071a800000| 60%| S|CS|TAMS 0x000000071a600000| PB 0x000000071a600000| Complete |  0
| 109|0x000000071a800000, 0x000000071aa00000, 0x000000071aa00000|100%| S|CS|TAMS 0x000000071a800000| PB 0x000000071a800000| Complete |  0
| 110|0x000000071aa00000, 0x000000071aa00000, 0x000000071ac00000|  0%| F|  |TAMS 0x000000071aa00000| PB 0x000000071aa00000| Untracked |  0
| 111|0x000000071ac00000, 0x000000071ac00000, 0x000000071ae00000|  0%| F|  |TAMS 0x000000071ac00000| PB 0x000000071ac00000| Untracked |  0
| 112|0x000000071ae00000, 0x000000071ae00000, 0x000000071b000000|  0%| F|  |TAMS 0x000000071ae00000| PB 0x000000071ae00000| Untracked |  0
| 113|0x000000071b000000, 0x000000071b000000, 0x000000071b200000|  0%| F|  |TAMS 0x000000071b000000| PB 0x000000071b000000| Untracked |  0
| 114|0x000000071b200000, 0x000000071b200000, 0x000000071b400000|  0%| F|  |TAMS 0x000000071b200000| PB 0x000000071b200000| Untracked |  0
| 115|0x000000071b400000, 0x000000071b400000, 0x000000071b600000|  0%| F|  |TAMS 0x000000071b400000| PB 0x000000071b400000| Untracked |  0
| 116|0x000000071b600000, 0x000000071b748c08, 0x000000071b800000| 64%| E|  |TAMS 0x000000071b600000| PB 0x000000071b600000| Complete |  0
| 117|0x000000071b800000, 0x000000071ba00000, 0x000000071ba00000|100%| E|CS|TAMS 0x000000071b800000| PB 0x000000071b800000| Complete |  0
| 118|0x000000071ba00000, 0x000000071bc00000, 0x000000071bc00000|100%| E|CS|TAMS 0x000000071ba00000| PB 0x000000071ba00000| Complete |  0
| 119|0x000000071bc00000, 0x000000071be00000, 0x000000071be00000|100%| E|CS|TAMS 0x000000071bc00000| PB 0x000000071bc00000| Complete |  0
| 120|0x000000071be00000, 0x000000071c000000, 0x000000071c000000|100%| E|CS|TAMS 0x000000071be00000| PB 0x000000071be00000| Complete |  0
| 121|0x000000071c000000, 0x000000071c200000, 0x000000071c200000|100%| E|CS|TAMS 0x000000071c000000| PB 0x000000071c000000| Complete |  0

Card table byte_map: [0x000000001ae70000,0x000000001b610000] _byte_map_base: 0x0000000017609000

Marking Bits: (CMBitMap*) 0x0000000002b84e50
 Bits: [0x000000001b610000, 0x000000001f2d8000)

Polling page: 0x00000000022d0000

Metaspace:

Usage:
  Non-class:     10.68 MB used.
      Class:      1.41 MB used.
       Both:     12.08 MB used.

Virtual space:
  Non-class space:       64.00 MB reserved,      10.81 MB ( 17%) committed,  1 nodes.
      Class space:        1.00 GB reserved,       1.56 MB ( <1%) committed,  1 nodes.
             Both:        1.06 GB reserved,      12.38 MB (  1%) committed. 

Chunk freelists:
   Non-Class:  4.63 MB
       Class:  14.47 MB
        Both:  19.10 MB

MaxMetaspaceSize: unlimited
CompressedClassSpaceSize: 1.00 GB
Initial GC threshold: 21.00 MB
Current GC threshold: 21.00 MB
CDS: on
 - commit_granule_bytes: 65536.
 - commit_granule_words: 8192.
 - virtual_space_node_default_size: 8388608.
 - enlarge_chunks_in_place: 1.
 - use_allocation_guard: 0.


Internal statistics:

num_allocs_failed_limit: 0.
num_arena_births: 294.
num_arena_deaths: 0.
num_vsnodes_births: 2.
num_vsnodes_deaths: 0.
num_space_committed: 198.
num_space_uncommitted: 0.
num_chunks_returned_to_freelist: 0.
num_chunks_taken_from_freelist: 513.
num_chunk_merges: 0.
num_chunk_splits: 282.
num_chunks_enlarged: 137.
num_inconsistent_stats: 0.

CodeHeap 'non-profiled nmethods': size=119168Kb used=568Kb max_used=568Kb free=118599Kb
 bounds [0x00000000129f0000, 0x0000000012c60000, 0x0000000019e50000]
CodeHeap 'profiled nmethods': size=119104Kb used=3754Kb max_used=3754Kb free=115349Kb
 bounds [0x000000000ae50000, 0x000000000b200000, 0x00000000122a0000]
CodeHeap 'non-nmethods': size=7488Kb used=3114Kb max_used=3135Kb free=4374Kb
 bounds [0x00000000122a0000, 0x00000000125c0000, 0x00000000129f0000]
 total_blobs=2513 nmethods=1998 adapters=416
 compilation: enabled
              stopped_count=0, restarted_count=0
 full_count=0

Compilation events (20 events):
Event: 0.538 Thread 0x00000000685dcfc0 nmethod 1990 0x000000000b1f7b10 code [0x000000000b1f7cc0, 0x000000000b1f7e90]
Event: 0.539 Thread 0x00000000692649e0 1993       4       java.lang.invoke.MethodType::makeImpl (109 bytes)
Event: 0.539 Thread 0x000000002266e380 1994       3       java.lang.invoke.Invokers$Holder::linkToTargetMethod (10 bytes)
Event: 0.539 Thread 0x00000000226648b0 1995       4       java.util.AbstractList::<init> (10 bytes)
Event: 0.539 Thread 0x000000002266e380 nmethod 1994 0x000000000b1f7f90 code [0x000000000b1f8140, 0x000000000b1f8508]
Event: 0.540 Thread 0x00000000226648b0 nmethod 1995 0x0000000012a7d710 code [0x0000000012a7d880, 0x0000000012a7d900]
Event: 0.544 Thread 0x0000000069363ba0 1996       4       org.jetbrains.capture.org.objectweb.asm.ClassReader::getItem (7 bytes)
Event: 0.544 Thread 0x000000006830d6e0 1997       3       org.jetbrains.capture.org.objectweb.asm.ClassReader::readInt (52 bytes)
Event: 0.545 Thread 0x000000006830d6e0 nmethod 1997 0x000000000b1f8610 code [0x000000000b1f87a0, 0x000000000b1f8978]
Event: 0.545 Thread 0x0000000069363ba0 nmethod 1996 0x0000000012a7da10 code [0x0000000012a7dba0, 0x0000000012a7dc60]
Event: 0.545 Thread 0x000000006830d6e0 1998       3       org.jetbrains.capture.org.objectweb.asm.Frame::push (109 bytes)
Event: 0.545 Thread 0x00000000685dcfc0 1999       3       org.jetbrains.capture.org.objectweb.asm.MethodWriter::visitLabel (332 bytes)
Event: 0.545 Thread 0x000000002266e380 2000       1       org.jetbrains.capture.org.objectweb.asm.SymbolTable::getSource (5 bytes)
Event: 0.545 Thread 0x000000006830d6e0 nmethod 1998 0x000000000b1f8a90 code [0x000000000b1f8c60, 0x000000000b1f91b8]
Event: 0.545 Thread 0x000000002266e380 nmethod 2000 0x0000000012a7dd10 code [0x0000000012a7dea0, 0x0000000012a7df70]
Event: 0.546 Thread 0x00000000685dcfc0 nmethod 1999 0x000000000b1f9390 code [0x000000000b1f9620, 0x000000000b1fa3b8]
Event: 0.547 Thread 0x000000006830e400 2001       3       java.util.HashMap::get (19 bytes)
Event: 0.547 Thread 0x000000006830e400 nmethod 2001 0x000000000b1fa690 code [0x000000000b1fa840, 0x000000000b1fa9f8]
Event: 0.548 Thread 0x000000006830d6e0 2002       1       java.util.concurrent.CopyOnWriteArrayList::getArray (5 bytes)
Event: 0.548 Thread 0x000000006830d6e0 nmethod 2002 0x0000000012a7e010 code [0x0000000012a7e1a0, 0x0000000012a7e270]

GC Heap History (2 events):
Event: 0.378 GC heap before
{Heap before GC invocations=0 (full 0):
 garbage-first heap   total reserved 3983360K, committed 249856K, used 24576K [0x000000070ce00000, 0x0000000800000000)
  region size 2048K, 12 young (24576K), 0 survivors (0K)
 Metaspace       used 9356K, committed 9600K, reserved 1114112K
  class space    used 999K, committed 1088K, reserved 1048576K
}
Event: 0.382 GC heap after
{Heap after GC invocations=1 (full 0):
 garbage-first heap   total reserved 3983360K, committed 249856K, used 3295K [0x000000070ce00000, 0x0000000800000000)
  region size 2048K, 2 young (4096K), 2 survivors (4096K)
 Metaspace       used 9356K, committed 9600K, reserved 1114112K
  class space    used 999K, committed 1088K, reserved 1048576K
}

Dll operation events (12 events):
Event: 0.011 Loaded shared library C:\Program Files\Java\jdk-22\bin\java.dll
Event: 0.012 Loaded shared library C:\Program Files\Java\jdk-22\bin\zip.dll
Event: 0.044 Loaded shared library C:\Program Files\Java\jdk-22\bin\jsvml.dll
Event: 0.094 Loaded shared library C:\Program Files\Java\jdk-22\bin\instrument.dll
Event: 0.097 Loaded shared library C:\Program Files\Java\jdk-22\bin\net.dll
Event: 0.099 Loaded shared library C:\Program Files\Java\jdk-22\bin\nio.dll
Event: 0.101 Loaded shared library C:\Program Files\Java\jdk-22\bin\zip.dll
Event: 0.111 Loaded shared library E:\IntelliJ\IntelliJ IDEA 2024.3.2.1\bin\breakgen64.dll
Event: 0.119 Loaded shared library C:\Program Files\Java\jdk-22\bin\extnet.dll
Event: 0.147 Loaded shared library C:\Program Files\Java\jdk-22\bin\jimage.dll
Event: 0.184 Loaded shared library C:\Program Files\Java\jdk-22\bin\management.dll
Event: 0.195 Loaded shared library C:\Program Files\Java\jdk-22\bin\management_ext.dll

Deoptimization events (20 events):
Event: 0.447 Thread 0x000000002265c760 DEOPT PACKING pc=0x0000000012a1aea0 sp=0x0000000022e6e270
Event: 0.447 Thread 0x000000002265c760 DEOPT UNPACKING pc=0x00000000122f46a2 sp=0x0000000022e6e1f0 mode 2
Event: 0.493 Thread 0x0000000002b1f3c0 Uncommon trap: trap_request=0xffffff45 fr.pc=0x0000000012a335d4 relative=0x0000000000000054
Event: 0.493 Thread 0x0000000002b1f3c0 Uncommon trap: reason=unstable_if action=reinterpret pc=0x0000000012a335d4 method=java.lang.CharacterData.of(I)Ljava/lang/CharacterData; @ 4 c2
Event: 0.493 Thread 0x0000000002b1f3c0 DEOPT PACKING pc=0x0000000012a335d4 sp=0x00000000022cbf20
Event: 0.493 Thread 0x0000000002b1f3c0 DEOPT UNPACKING pc=0x00000000122f46a2 sp=0x00000000022cbec0 mode 2
Event: 0.495 Thread 0x0000000002b1f3c0 Uncommon trap: trap_request=0xffffff45 fr.pc=0x00000000129fa2bc relative=0x000000000000009c
Event: 0.495 Thread 0x0000000002b1f3c0 Uncommon trap: reason=unstable_if action=reinterpret pc=0x00000000129fa2bc method=java.lang.String.isLatin1()Z @ 10 c2
Event: 0.495 Thread 0x0000000002b1f3c0 DEOPT PACKING pc=0x00000000129fa2bc sp=0x00000000022cc770
Event: 0.495 Thread 0x0000000002b1f3c0 DEOPT UNPACKING pc=0x00000000122f46a2 sp=0x00000000022cc6a0 mode 2
Event: 0.495 Thread 0x0000000002b1f3c0 Uncommon trap: trap_request=0xffffff45 fr.pc=0x0000000012a09d30 relative=0x0000000000000190
Event: 0.495 Thread 0x0000000002b1f3c0 Uncommon trap: reason=unstable_if action=reinterpret pc=0x0000000012a09d30 method=jdk.internal.util.ArraysSupport.vectorizedHashCode(Ljava/lang/Object;IIII)I @ 2 c2
Event: 0.495 Thread 0x0000000002b1f3c0 DEOPT PACKING pc=0x0000000012a09d30 sp=0x00000000022cc670
Event: 0.495 Thread 0x0000000002b1f3c0 DEOPT UNPACKING pc=0x00000000122f46a2 sp=0x00000000022cc620 mode 2
Event: 0.511 Thread 0x0000000002b1f3c0 DEOPT PACKING pc=0x000000000af37e25 sp=0x00000000022cc7a0
Event: 0.511 Thread 0x0000000002b1f3c0 DEOPT UNPACKING pc=0x00000000122f4e42 sp=0x00000000022cbca8 mode 0
Event: 0.526 Thread 0x0000000002b1f3c0 Uncommon trap: trap_request=0xffffff45 fr.pc=0x0000000012a61e10 relative=0x00000000000000f0
Event: 0.526 Thread 0x0000000002b1f3c0 Uncommon trap: reason=unstable_if action=reinterpret pc=0x0000000012a61e10 method=com.intellij.rt.execution.junit.MapSerializerUtil$1.escape(C)C @ 1 c2
Event: 0.526 Thread 0x0000000002b1f3c0 DEOPT PACKING pc=0x0000000012a61e10 sp=0x00000000022cd6e0
Event: 0.526 Thread 0x0000000002b1f3c0 DEOPT UNPACKING pc=0x00000000122f46a2 sp=0x00000000022cd670 mode 2

Classes loaded (20 events):
Event: 0.546 Loading class java/util/concurrent/ForkJoinPool$DefaultForkJoinWorkerThreadFactory
Event: 0.546 Loading class java/util/concurrent/ForkJoinPool$DefaultForkJoinWorkerThreadFactory done
Event: 0.546 Loading class java/util/concurrent/ForkJoinPool$2
Event: 0.546 Loading class java/util/concurrent/ForkJoinPool$2 done
Event: 0.546 Loading class java/util/concurrent/CompletableFuture$Completion
Event: 0.546 Loading class java/util/concurrent/CompletableFuture$AsynchronousCompletionTask
Event: 0.546 Loading class java/util/concurrent/CompletableFuture$AsynchronousCompletionTask done
Event: 0.546 Loading class java/util/concurrent/CompletableFuture$Completion done
Event: 0.546 Loading class org/junit/platform/launcher/TestPlan
Event: 0.546 Loading class org/junit/platform/launcher/TestPlan done
Event: 0.546 Loading class org/junit/platform/launcher/TestPlan
Event: 0.546 Loading class org/junit/platform/launcher/TestPlan done
Event: 0.547 Loading class org/junit/platform/launcher/TestPlan
Event: 0.547 Loading class org/junit/platform/launcher/TestPlan done
Event: 0.547 Loading class org/junit/platform/launcher/TestPlan
Event: 0.547 Loading class org/junit/platform/launcher/TestPlan done
Event: 0.547 Loading class org/junit/platform/launcher/core/DefaultLauncherSession$ClosedLauncher
Event: 0.547 Loading class org/junit/platform/launcher/core/DefaultLauncherSession$ClosedLauncher done
Event: 0.547 Loading class java/util/IdentityHashMap$KeyIterator
Event: 0.547 Loading class java/util/IdentityHashMap$KeyIterator done

Classes unloaded (0 events):
No events

Classes redefined (1 events):
Event: 0.127 Thread 0x0000000022636980 redefined class name=java.lang.Throwable, count=1

Internal exceptions (20 events):
Event: 0.405 Thread 0x0000000002b1f3c0 Exception <a 'java/lang/IncompatibleClassChangeError'{0x000000071be01788}: Found class java.lang.Object, but interface was expected> (0x000000071be01788) 
thrown [s\open\src\hotspot\share\interpreter\linkResolver.cpp, line 841]
Event: 0.409 Thread 0x0000000002b1f3c0 Exception <a 'java/lang/NoSuchMethodError'{0x000000071be279e0}: 'void java.lang.invoke.DirectMethodHandle$Holder.invokeStatic(java.lang.Object, java.lang.Object, java.lang.Object, java.lang.Object)'> (0x000000071be279e0) 
thrown [s\open\src\hotspot\share\interpreter\linkResolver.cpp, line 774]
Event: 0.412 Thread 0x0000000002b1f3c0 Exception <a 'java/lang/NoSuchMethodError'{0x000000071be46aa0}: 'java.lang.Object java.lang.invoke.DirectMethodHandle$Holder.newInvokeSpecial(java.lang.Object, java.lang.Object, int)'> (0x000000071be46aa0) 
thrown [s\open\src\hotspot\share\interpreter\linkResolver.cpp, line 774]
Event: 0.421 Thread 0x000000002265c760 Exception <a 'java/lang/NoSuchMethodError'{0x000000071bec5b38}: 'java.lang.Object java.lang.invoke.DirectMethodHandle$Holder.invokeStaticInit(java.lang.Object, java.lang.Object, int, int, int, int)'> (0x000000071bec5b38) 
thrown [s\open\src\hotspot\share\interpreter\linkResolver.cpp, line 774]
Event: 0.429 Thread 0x0000000002b1f3c0 Exception <a 'java/lang/NoSuchMethodError'{0x000000071bf08fe0}: 'int java.lang.invoke.DirectMethodHandle$Holder.invokeStatic(java.lang.Object, java.lang.Object, java.lang.Object, java.lang.Object)'> (0x000000071bf08fe0) 
thrown [s\open\src\hotspot\share\interpreter\linkResolver.cpp, line 774]
Event: 0.430 Thread 0x0000000002b1f3c0 Exception <a 'java/lang/NoSuchMethodError'{0x000000071bf17188}: 'int java.lang.invoke.DirectMethodHandle$Holder.invokeStatic(java.lang.Object, java.lang.Object, java.lang.Object, java.lang.Object, java.lang.Object)'> (0x000000071bf17188) 
thrown [s\open\src\hotspot\share\interpreter\linkResolver.cpp, line 774]
Event: 0.440 Thread 0x0000000002b1f3c0 Exception <a 'java/lang/NoSuchMethodError'{0x000000071bf5d4a8}: 'void java.lang.invoke.DirectMethodHandle$Holder.invokeStaticInit(java.lang.Object)'> (0x000000071bf5d4a8) 
thrown [s\open\src\hotspot\share\interpreter\linkResolver.cpp, line 774]
Event: 0.443 Thread 0x000000002265c760 Exception <a 'java/lang/ClassNotFoundException'{0x000000071bfd67a0}: javax/management/remote/rmi/RMIServerImpl_Skel> (0x000000071bfd67a0) 
thrown [s\open\src\hotspot\share\classfile\systemDictionary.cpp, line 313]
Event: 0.456 Thread 0x0000000002b1f3c0 Exception <a 'java/lang/NoSuchMethodError'{0x000000071bd395a0}: 'int java.lang.invoke.DirectMethodHandle$Holder.invokeStaticInit(java.lang.Object, java.lang.Object)'> (0x000000071bd395a0) 
thrown [s\open\src\hotspot\share\interpreter\linkResolver.cpp, line 774]
Event: 0.479 Thread 0x0000000002b1f3c0 Exception <a 'java/lang/NoSuchMethodError'{0x000000071bac5810}: 'java.lang.Object java.lang.invoke.DirectMethodHandle$Holder.newInvokeSpecial(java.lang.Object, java.lang.Object, java.lang.Object, java.lang.Object, java.lang.Object, java.lang.Object, java.lang.Object)'> (0x000000071bac5810) 
thrown [s\open\src\hotspot\share\interpreter\linkResolver.cpp, line 774]
Event: 0.480 Thread 0x0000000002b1f3c0 Exception <a 'java/lang/NoSuchMethodError'{0x000000071bad55a8}: 'java.lang.Object java.lang.invoke.DirectMethodHandle$Holder.invokeInterface(java.lang.Object, java.lang.Object, java.lang.Object, java.lang.Object, java.lang.Object)'> (0x000000071bad55a8) 
thrown [s\open\src\hotspot\share\interpreter\linkResolver.cpp, line 774]
Event: 0.481 Thread 0x0000000002b1f3c0 Exception <a 'java/lang/IncompatibleClassChangeError'{0x000000071bb1d870}: Found class java.lang.Object, but interface was expected> (0x000000071bb1d870) 
thrown [s\open\src\hotspot\share\interpreter\linkResolver.cpp, line 841]
Event: 0.482 Thread 0x000000006a3d4350 Exception <a 'java/lang/NoSuchMethodError'{0x000000071bb14ca0}: static [B.<clinit>()V> (0x000000071bb14ca0) 
thrown [s\open\src\hotspot\share\prims\jni.cpp, line 1111]
Event: 0.493 Thread 0x000000006a3d3630 Exception <a 'java/lang/NoSuchMethodError'{0x000000071b84e998}: 'java.lang.Object java.lang.invoke.Invokers$Holder.linkToTargetMethod(java.lang.Object, long, java.lang.Object)'> (0x000000071b84e998) 
thrown [s\open\src\hotspot\share\interpreter\linkResolver.cpp, line 774]
Event: 0.494 Thread 0x000000006a3d4350 Exception <a 'java/lang/ClassNotFoundException'{0x000000071b8123a0}: javax/management/remote/rmi/RMIConnectionImpl_Skel> (0x000000071b8123a0) 
thrown [s\open\src\hotspot\share\classfile\systemDictionary.cpp, line 313]
Event: 0.497 Thread 0x0000000002b1f3c0 Exception <a 'java/lang/NoSuchMethodError'{0x000000071b890618}: 'void java.lang.invoke.DirectMethodHandle$Holder.invokeVirtual(java.lang.Object, java.lang.Object)'> (0x000000071b890618) 
thrown [s\open\src\hotspot\share\interpreter\linkResolver.cpp, line 774]
Event: 0.505 Thread 0x000000006a3d4350 Exception <a 'java/lang/NoSuchMethodError'{0x000000071b8e5b30}: 'int java.lang.invoke.DirectMethodHandle$Holder.invokeInterface(java.lang.Object, java.lang.Object, java.lang.Object, java.lang.Object, java.lang.Object)'> (0x000000071b8e5b30) 
thrown [s\open\src\hotspot\share\interpreter\linkResolver.cpp, line 774]
Event: 0.506 Thread 0x000000006a3d4350 Exception <a 'java/lang/NoSuchMethodError'{0x000000071b8edd58}: 'int java.lang.invoke.DelegatingMethodHandle$Holder.reinvoke_L(java.lang.Object, java.lang.Object, java.lang.Object, java.lang.Object, java.lang.Object)'> (0x000000071b8edd58) 
thrown [s\open\src\hotspot\share\interpreter\linkResolver.cpp, line 774]
Event: 0.526 Thread 0x000000006a3d4350 Exception <a 'java/lang/NoSuchMethodError'{0x000000071b6552c8}: 'double java.lang.invoke.DirectMethodHandle$Holder.invokeInterface(java.lang.Object, java.lang.Object)'> (0x000000071b6552c8) 
thrown [s\open\src\hotspot\share\interpreter\linkResolver.cpp, line 774]
Event: 0.527 Thread 0x000000006a3d4350 Exception <a 'java/lang/NoSuchMethodError'{0x000000071b662b98}: 'double java.lang.invoke.DelegatingMethodHandle$Holder.reinvoke_L(java.lang.Object, java.lang.Object)'> (0x000000071b662b98) 
thrown [s\open\src\hotspot\share\interpreter\linkResolver.cpp, line 774]

ZGC Phase Switch (0 events):
No events

VM Operations (20 events):
Event: 0.191 Executing VM operation: HandshakeAllThreads (Deoptimize) done
Event: 0.259 Executing VM operation: HandshakeAllThreads (Deoptimize)
Event: 0.259 Executing VM operation: HandshakeAllThreads (Deoptimize) done
Event: 0.357 Executing VM operation: ICBufferFull
Event: 0.358 Executing VM operation: ICBufferFull done
Event: 0.363 Executing VM operation: HandshakeAllThreads (Deoptimize)
Event: 0.363 Executing VM operation: HandshakeAllThreads (Deoptimize) done
Event: 0.371 Executing VM operation: HandshakeAllThreads (Deoptimize)
Event: 0.371 Executing VM operation: HandshakeAllThreads (Deoptimize) done
Event: 0.377 Executing VM operation: G1CollectForAllocation (G1 Evacuation Pause)
Event: 0.382 Executing VM operation: G1CollectForAllocation (G1 Evacuation Pause) done
Event: 0.483 Executing VM operation: HandshakeAllThreads (Deoptimize)
Event: 0.484 Executing VM operation: HandshakeAllThreads (Deoptimize) done
Event: 0.493 Executing VM operation: HandshakeAllThreads (Deoptimize)
Event: 0.493 Executing VM operation: HandshakeAllThreads (Deoptimize) done
Event: 0.494 Executing VM operation: HandshakeAllThreads (Deoptimize)
Event: 0.494 Executing VM operation: HandshakeAllThreads (Deoptimize) done
Event: 0.524 Executing VM operation: HandshakeAllThreads (Deoptimize)
Event: 0.524 Executing VM operation: HandshakeAllThreads (Deoptimize) done
Event: 0.548 Executing VM operation: Exit

Events (20 events):
Event: 0.042 Thread 0x000000002265d3d0 Thread added: 0x000000002265d3d0
Event: 0.042 Thread 0x000000002265e370 Thread added: 0x000000002265e370
Event: 0.042 Thread 0x00000000226648b0 Thread added: 0x00000000226648b0
Event: 0.042 Thread 0x000000002266e380 Thread added: 0x000000002266e380
Event: 0.074 Thread 0x0000000068306120 Thread added: 0x0000000068306120
Event: 0.080 Thread 0x000000006830d6e0 Thread added: 0x000000006830d6e0
Event: 0.082 Thread 0x000000006830e400 Thread added: 0x000000006830e400
Event: 0.111 Thread 0x0000000068421600 Thread added: 0x0000000068421600
Event: 0.130 Thread 0x00000000685b76e0 Thread added: 0x00000000685b76e0
Event: 0.136 Thread 0x00000000685dcfc0 Thread added: 0x00000000685dcfc0
Event: 0.259 Thread 0x00000000692649e0 Thread added: 0x00000000692649e0
Event: 0.292 Thread 0x0000000069363ba0 Thread added: 0x0000000069363ba0
Event: 0.311 Thread 0x0000000069bc3060 Thread added: 0x0000000069bc3060
Event: 0.312 Thread 0x0000000069f18f80 Thread added: 0x0000000069f18f80
Event: 0.450 Thread 0x000000006a3d1bf0 Thread added: 0x000000006a3d1bf0
Event: 0.460 Thread 0x000000006a3d4350 Thread added: 0x000000006a3d4350
Event: 0.481 Thread 0x000000006a3d49e0 Thread added: 0x000000006a3d49e0
Event: 0.490 Thread 0x000000006a3d3630 Thread added: 0x000000006a3d3630
Event: 0.548 Thread 0x000000006a3d3cc0 Thread added: 0x000000006a3d3cc0
Event: 0.548 Thread 0x000000006a3d3cc0 Thread exited: 0x000000006a3d3cc0


Dynamic libraries:
0x00007ff737310000 - 0x00007ff737320000 	C:\Program Files\Java\jdk-22\bin\java.exe
0x00007ff8d6550000 - 0x00007ff8d6767000 	C:\WINDOWS\SYSTEM32\ntdll.dll
0x00007ff8d50a0000 - 0x00007ff8d5164000 	C:\WINDOWS\System32\KERNEL32.DLL
0x00007ff8d3840000 - 0x00007ff8d3bfa000 	C:\WINDOWS\System32\KERNELBASE.dll
0x00007ff8cf3c0000 - 0x00007ff8cf457000 	C:\WINDOWS\SYSTEM32\apphelp.dll
0x00007ff8d3e40000 - 0x00007ff8d3f51000 	C:\WINDOWS\System32\ucrtbase.dll
0x00007ff8b8920000 - 0x00007ff8b8937000 	C:\Program Files\Java\jdk-22\bin\jli.dll
0x00007ff8bdf80000 - 0x00007ff8bdf9b000 	C:\Program Files\Java\jdk-22\bin\VCRUNTIME140.dll
0x00007ff8d4240000 - 0x00007ff8d42f2000 	C:\WINDOWS\System32\ADVAPI32.dll
0x00007ff8d6040000 - 0x00007ff8d60e7000 	C:\WINDOWS\System32\msvcrt.dll
0x00007ff8d5ee0000 - 0x00007ff8d5f87000 	C:\WINDOWS\System32\sechost.dll
0x00007ff8d3810000 - 0x00007ff8d3838000 	C:\WINDOWS\System32\bcrypt.dll
0x00007ff8d4c80000 - 0x00007ff8d4d94000 	C:\WINDOWS\System32\RPCRT4.dll
0x00007ff8d49a0000 - 0x00007ff8d4b4e000 	C:\WINDOWS\System32\USER32.dll
0x00007ff8d3ca0000 - 0x00007ff8d3cc6000 	C:\WINDOWS\System32\win32u.dll
0x00007ff8d4da0000 - 0x00007ff8d4dc9000 	C:\WINDOWS\System32\GDI32.dll
0x00007ff8c3ac0000 - 0x00007ff8c3d52000 	C:\WINDOWS\WinSxS\amd64_microsoft.windows.common-controls_6595b64144ccf1df_6.0.22621.4541_none_2710d1c57384c085\COMCTL32.dll
0x00007ff8d4020000 - 0x00007ff8d413b000 	C:\WINDOWS\System32\gdi32full.dll
0x00007ff8d3c00000 - 0x00007ff8d3c9a000 	C:\WINDOWS\System32\msvcp_win.dll
0x00007ff8cc350000 - 0x00007ff8cc35a000 	C:\WINDOWS\SYSTEM32\VERSION.dll
0x00007ff8d4370000 - 0x00007ff8d43a1000 	C:\WINDOWS\System32\IMM32.DLL
0x00007ff8c8020000 - 0x00007ff8c802c000 	C:\Program Files\Java\jdk-22\bin\vcruntime140_1.dll
0x00007ff8ab100000 - 0x00007ff8ab18e000 	C:\Program Files\Java\jdk-22\bin\msvcp140.dll
0x00007ff8633a0000 - 0x00007ff8640e7000 	C:\Program Files\Java\jdk-22\bin\server\jvm.dll
0x00007ff8d4fa0000 - 0x00007ff8d5011000 	C:\WINDOWS\System32\WS2_32.dll
0x00007ff8d36e0000 - 0x00007ff8d372d000 	C:\WINDOWS\SYSTEM32\POWRPROF.dll
0x00007ff8cce10000 - 0x00007ff8cce44000 	C:\WINDOWS\SYSTEM32\WINMM.dll
0x00007ff8d36c0000 - 0x00007ff8d36d3000 	C:\WINDOWS\SYSTEM32\UMPDC.dll
0x00007ff8d27b0000 - 0x00007ff8d27c8000 	C:\WINDOWS\SYSTEM32\kernel.appcore.dll
0x00007ff8c3250000 - 0x00007ff8c325a000 	C:\Program Files\Java\jdk-22\bin\jimage.dll
0x00007ff8d11d0000 - 0x00007ff8d1402000 	C:\WINDOWS\SYSTEM32\DBGHELP.DLL
0x00007ff8d6150000 - 0x00007ff8d64e1000 	C:\WINDOWS\System32\combase.dll
0x00007ff8d4ba0000 - 0x00007ff8d4c77000 	C:\WINDOWS\System32\OLEAUT32.dll
0x00007ff8b4660000 - 0x00007ff8b4692000 	C:\WINDOWS\SYSTEM32\dbgcore.DLL
0x00007ff8d4140000 - 0x00007ff8d41bb000 	C:\WINDOWS\System32\bcryptPrimitives.dll
0x00007ff8cef40000 - 0x00007ff8cef4f000 	C:\Program Files\Java\jdk-22\bin\instrument.dll
0x00007ff8b8900000 - 0x00007ff8b891e000 	C:\Program Files\Java\jdk-22\bin\java.dll
0x00007ff8d54b0000 - 0x00007ff8d5d29000 	C:\WINDOWS\System32\SHELL32.dll
0x00007ff8d5d30000 - 0x00007ff8d5ed5000 	C:\WINDOWS\System32\ole32.dll
0x00007ff8b17f0000 - 0x00007ff8b1807000 	C:\Program Files\Java\jdk-22\bin\zip.dll
0x00007ff8d1700000 - 0x00007ff8d2009000 	C:\WINDOWS\SYSTEM32\windows.storage.dll
0x00007ff8d15c0000 - 0x00007ff8d16ff000 	C:\WINDOWS\SYSTEM32\wintypes.dll
0x00007ff8d48a0000 - 0x00007ff8d499a000 	C:\WINDOWS\System32\SHCORE.dll
0x00007ff8d43b0000 - 0x00007ff8d440e000 	C:\WINDOWS\System32\shlwapi.dll
0x00007ff8d3740000 - 0x00007ff8d376b000 	C:\WINDOWS\SYSTEM32\profapi.dll
0x00007ff893c90000 - 0x00007ff893d67000 	C:\Program Files\Java\jdk-22\bin\jsvml.dll
0x00007ff8c1950000 - 0x00007ff8c1960000 	C:\Program Files\Java\jdk-22\bin\net.dll
0x00007ff8d2c80000 - 0x00007ff8d2ce9000 	C:\WINDOWS\system32\mswsock.dll
0x00007ff8b7a20000 - 0x00007ff8b7a36000 	C:\Program Files\Java\jdk-22\bin\nio.dll
0x00007ff8cef10000 - 0x00007ff8cef2a000 	E:\IntelliJ\IntelliJ IDEA 2024.3.2.1\bin\breakgen64.dll
0x00007ff8c0900000 - 0x00007ff8c0909000 	C:\Program Files\Java\jdk-22\bin\extnet.dll
0x00007ff8d22e0000 - 0x00007ff8d23e2000 	C:\WINDOWS\SYSTEM32\DNSAPI.dll
0x00007ff8d22b0000 - 0x00007ff8d22dd000 	C:\WINDOWS\SYSTEM32\IPHLPAPI.DLL
0x00007ff8d5200000 - 0x00007ff8d5209000 	C:\WINDOWS\System32\NSI.dll
0x00007ff8cced0000 - 0x00007ff8cceda000 	C:\Windows\System32\rasadhlp.dll
0x00007ff8cccc0000 - 0x00007ff8ccd43000 	C:\WINDOWS\System32\fwpuclnt.dll
0x00007ff8c0840000 - 0x00007ff8c084a000 	C:\Program Files\Java\jdk-22\bin\management.dll
0x00007ff8c07d0000 - 0x00007ff8c07db000 	C:\Program Files\Java\jdk-22\bin\management_ext.dll
0x00007ff8d5310000 - 0x00007ff8d5318000 	C:\WINDOWS\System32\PSAPI.DLL
0x00007ff8d2f90000 - 0x00007ff8d2fab000 	C:\WINDOWS\SYSTEM32\CRYPTSP.dll
0x00007ff8d2770000 - 0x00007ff8d27a5000 	C:\WINDOWS\system32\rsaenh.dll
0x00007ff8d2d20000 - 0x00007ff8d2d48000 	C:\WINDOWS\SYSTEM32\USERENV.dll
0x00007ff8d2e80000 - 0x00007ff8d2e8c000 	C:\WINDOWS\SYSTEM32\CRYPTBASE.dll
0x00007ff8ae460000 - 0x00007ff8ae477000 	C:\WINDOWS\system32\napinsp.dll
0x00007ff8ae440000 - 0x00007ff8ae45b000 	C:\WINDOWS\system32\pnrpnsp.dll
0x00007ff8ae420000 - 0x00007ff8ae431000 	C:\WINDOWS\System32\winrnr.dll
0x00007ff8aac80000 - 0x00007ff8aac95000 	C:\WINDOWS\system32\wshbth.dll
0x00007ff8adf20000 - 0x00007ff8adf47000 	C:\WINDOWS\system32\nlansp_c.dll
0x00007ff8ba320000 - 0x00007ff8ba370000 	C:\WINDOWS\SYSTEM32\pdh.dll
0x00007ff8b17d0000 - 0x00007ff8b17e1000 	C:\WINDOWS\System32\perfproc.dll

dbghelp: loaded successfully - version: 4.0.5 - missing functions: none
symbol engine: initialized successfully - sym options: 0x614 - pdb path: (cannot be retrieved)

VM Arguments:
jvm_args: -ea -Didea.test.cyclic.buffer.size=1048576 -javaagent:E:\IntelliJ\IntelliJ IDEA 2024.3.2.1\lib\idea_rt.jar=55326:E:\IntelliJ\IntelliJ IDEA 2024.3.2.1\bin -javaagent:C:\Users\dobly\AppData\Local\JetBrains\IntelliJIdea2024.3\captureAgent\debugger-agent.jar -Dkotlinx.coroutines.debug.enable.creation.stack.trace=false -Ddebugger.agent.enable.coroutines=true -Dkotlinx.coroutines.debug.enable.flows.stack.trace=true -Dkotlinx.coroutines.debug.enable.mutable.state.flows.stack.trace=true -Dfile.encoding=UTF-8 -Dsun.stdout.encoding=UTF-8 -Dsun.stderr.encoding=UTF-8 
java_command: com.intellij.rt.junit.JUnitStarter -ideVersion5 -junit5 passoff.chess.piece.BishopMoveTests
java_class_path (initial): C:\Users\dobly\.m2\repository\org\junit\platform\junit-platform-launcher\1.9.2\junit-platform-launcher-1.9.2.jar;E:\IntelliJ\IntelliJ IDEA 2024.3.2.1\lib\idea_rt.jar;E:\IntelliJ\IntelliJ IDEA 2024.3.2.1\plugins\junit\lib\junit5-rt.jar;E:\IntelliJ\IntelliJ IDEA 2024.3.2.1\plugins\junit\lib\junit-rt.jar;E:\IntelliJ\CS240\chess-main\shared\target\test-classes;E:\IntelliJ\CS240\chess-main\shared\target\classes;C:\Users\dobly\.m2\repository\com\google\code\gson\gson\2.10.1\gson-2.10.1.jar;C:\Users\dobly\.m2\repository\org\junit\jupiter\junit-jupiter\5.9.2\junit-jupiter-5.9.2.jar;C:\Users\dobly\.m2\repository\org\junit\jupiter\junit-jupiter-api\5.9.2\junit-jupiter-api-5.9.2.jar;C:\Users\dobly\.m2\repository\org\opentest4j\opentest4j\1.2.0\opentest4j-1.2.0.jar;C:\Users\dobly\.m2\repository\org\junit\platform\junit-platform-commons\1.9.2\junit-platform-commons-1.9.2.jar;C:\Users\dobly\.m2\repository\org\apiguardian\apiguardian-api\1.1.2\apiguardian-api-1.1.2.jar;C:\Users\dobly\.m2\repository\org\junit\jupiter\junit-jupiter-params\5.9.2\junit-jupiter-params-5.9.2.jar;C:\Users\dobly\.m2\repository\org\junit\jupiter\junit-jupiter-engine\5.9.2\junit-jupiter-engine-5.9.2.jar;C:\Users\dobly\.m2\repository\org\junit\platform\junit-platform-engine\1.9.2\junit-platform-engine-1.9.2.jar
Launcher Type: SUN_STANDARD

[Global flags]
     intx CICompilerCount                          = 12                                        {product} {ergonomic}
     uint ConcGCThreads                            = 3                                         {product} {ergonomic}
     uint G1ConcRefinementThreads                  = 13                                        {product} {ergonomic}
   size_t G1HeapRegionSize                         = 2097152                                   {product} {ergonomic}
   size_t InitialHeapSize                          = 255852544                                 {product} {ergonomic}
   size_t MarkStackSize                            = 4194304                                   {product} {ergonomic}
   size_t MaxHeapSize                              = 4078960640                                {product} {ergonomic}
   size_t MaxNewSize                               = 2447376384                                {product} {ergonomic}
   size_t MinHeapDeltaBytes                        = 2097152                                   {product} {ergonomic}
   size_t MinHeapSize                              = 8388608                                   {product} {ergonomic}
    uintx NonNMethodCodeHeapSize                   = 7602480                                {pd product} {ergonomic}
    uintx NonProfiledCodeHeapSize                  = 122027880                              {pd product} {ergonomic}
    uintx ProfiledCodeHeapSize                     = 122027880                              {pd product} {ergonomic}
    uintx ReservedCodeCacheSize                    = 251658240                              {pd product} {ergonomic}
     bool SegmentedCodeCache                       = true                                      {product} {ergonomic}
   size_t SoftMaxHeapSize                          = 4078960640                             {manageable} {ergonomic}
     bool UseCompressedOops                        = true                           {product lp64_product} {ergonomic}
     bool UseG1GC                                  = true                                      {product} {ergonomic}
     bool UseLargePagesIndividualAllocation        = false                                  {pd product} {ergonomic}

Logging:
Log output configuration:
 #0: stdout all=off uptime,level,tags foldmultilines=false
 #1: stderr all=off uptime,level,tags foldmultilines=false

Environment Variables:
PATH=C:\Program Files\Common Files\Oracle\Java\javapath;C:\Windows\system32;C:\Windows;C:\Windows\System32\Wbem;C:\Windows\System32\WindowsPowerShell\v1.0\;C:\Windows\System32\OpenSSH\;C:\Program Files (x86)\NVIDIA Corporation\PhysX\Common;C:\WINDOWS\system32;C:\WINDOWS;C:\WINDOWS\System32\Wbem;C:\WINDOWS\System32\WindowsPowerShell\v1.0\;C:\WINDOWS\System32\OpenSSH\;C:\Program Files\Bandizip\;C:\Program Files\dotnet\;C:\Program Files\NVIDIA Corporation\NVIDIA app\NvDLISR;C:\Program Files\Git\cmd;C:\Users\dobly\AppData\Local\Microsoft\WindowsApps;;C:\Users\dobly\AppData\Roaming\Programs\Zero Install
USERNAME=dobly
OS=Windows_NT
PROCESSOR_IDENTIFIER=AMD64 Family 25 Model 68 Stepping 1, AuthenticAMD
TMP=C:\Users\dobly\AppData\Local\Temp
TEMP=C:\Users\dobly\AppData\Local\Temp




Periodic native trim disabled

---------------  S Y S T E M  ---------------

OS:
 Windows 11 , 64 bit Build 22621 (10.0.22621.4391)
OS uptime: 1 days 13:10 hours
Hyper-V role detected

CPU: total 16 (initial active 16) (16 cores per cpu, 2 threads per core) family 25 model 68 stepping 1 microcode 0x0, cx8, cmov, fxsr, ht, mmx, 3dnowpref, sse, sse2, sse3, ssse3, sse4a, sse4.1, sse4.2, popcnt, lzcnt, tsc, tscinvbit, avx, avx2, aes, erms, clmul, bmi1, bmi2, adx, sha, fma, vzeroupper, clflush, clflushopt, hv, rdtscp, rdpid, fsrm, f16c, cet_ss
Processor Information for all 16 processors :
  Max Mhz: 3201, Current Mhz: 3201, Mhz Limit: 3201

Memory: 4k page, system-wide physical 15557M (1173M free)
TotalPageFile size 68057M (AvailPageFile size 46576M)
current process WorkingSet (physical memory assigned to process): 112M, peak: 112M
current process commit charge ("private bytes"): 382M, peak: 382M

vm_info: Java HotSpot(TM) 64-Bit Server VM (22.0.1+8-16) for windows-amd64 JRE (22.0.1+8-16), built on 2024-03-12T10:33:16Z by "mach5one" with MS VC++ 17.6 (VS2022)

END.
